[Start] Making connection
device = cuda:1
[iir-12.1.1.csv]
Asking to truncate to max_length but no maximum length is provided and the model has no predefined maximum length. Default to no truncation.
/home/gyuseok/anaconda3/envs/Upitt/lib/python3.9/site-packages/transformers/generation/utils.py:1288: UserWarning: Using `max_length`'s default (20) to control the generation length. This behaviour is deprecated and will be removed from the config in v5 of Transformers -- we recommend using `max_new_tokens` to control the maximum length of the generation.
  warnings.warn(
[Connect] csv_keyword = queri, wiki_title = Luna Sharpshooters, avg_score = 0.28995025157928467
[Connect] csv_keyword = queri, wiki_title = Quirites, avg_score = 0.3153051435947418
[Connect] csv_keyword = queri, wiki_title = Philippine Revolutionary Army, avg_score = 0.28786197304725647
[Connect] csv_keyword = queri, wiki_title = Latin conjugation, avg_score = 0.2935495972633362
[Connect] csv_keyword = queri, wiki_title = Antonio Luna, avg_score = 0.41307520866394043
[Connect] csv_keyword = queri, wiki_title = Toʼabaita language, avg_score = 0.3369905948638916
[Connect] csv_keyword = queri, wiki_title = Voss, avg_score = 0.25320833921432495
[Connect] csv_keyword = queri, wiki_title = 2022 NCAA Division I women's soccer tournament, avg_score = 0.33343011140823364
[Connect] csv_keyword = language modeling approach, wiki_title = Modeling language, avg_score = 0.44065025448799133
[Connect] csv_keyword = language modeling approach, wiki_title = Large language model, avg_score = 0.31445205211639404
[Connect] csv_keyword = language modeling approach, wiki_title = Object–role modeling, avg_score = 0.3005138635635376
[Connect] csv_keyword = language modeling approach, wiki_title = Meta-process modeling, avg_score = 0.3585359752178192
[Connect] csv_keyword = language modeling approach, wiki_title = Data modeling, avg_score = 0.46881404519081116
[Connect] csv_keyword = language modeling approach, wiki_title = Object-modeling technique, avg_score = 0.27515333890914917
[Connect] csv_keyword = language model, wiki_title = Language model, avg_score = 0.2566109597682953
[Connect] csv_keyword = language model, wiki_title = Large language model, avg_score = 0.37340423464775085
[Connect] csv_keyword = language model, wiki_title = BERT (language model), avg_score = 0.3032025396823883
[Connect] csv_keyword = language model, wiki_title = BLOOM (language model), avg_score = 0.6029237508773804
[Connect] csv_keyword = language model, wiki_title = Modeling language, avg_score = 0.4856119155883789
[Connect] csv_keyword = language model, wiki_title = Systems Modeling Language, avg_score = 0.3875236511230469
Cannot Find any page! Continue next
[Connect] csv_keyword = language model, wiki_title = Transformer (machine learning model), avg_score = 0.28473228216171265
[Connect] csv_keyword = likelihood ratio, wiki_title = Likelihood-ratio test, avg_score = 0.3288382589817047
[Connect] csv_keyword = likelihood ratio, wiki_title = Likelihood function, avg_score = 0.5496620535850525
[Connect] csv_keyword = likelihood ratio, wiki_title = Likelihood ratios in diagnostic testing, avg_score = 0.5913791060447693
[Connect] csv_keyword = likelihood ratio, wiki_title = Maximum likelihood estimation, avg_score = 0.5347551703453064
[Connect] csv_keyword = likelihood ratio, wiki_title = Likelihood principle, avg_score = 0.4861810505390167
[Connect] csv_keyword = likelihood ratio, wiki_title = Bayes factor, avg_score = 0.31675276160240173
[Connect] csv_keyword = language of the automaton, wiki_title = Automata theory, avg_score = 0.34128081798553467
[Connect] csv_keyword = language of the automaton, wiki_title = Automation, avg_score = 0.26627978682518005
[Connect] csv_keyword = language of the automaton, wiki_title = Deterministic finite automaton, avg_score = 0.30128002166748047
[Connect] csv_keyword = language of the automaton, wiki_title = Regular language, avg_score = 0.31335723400115967
[Connect] csv_keyword = language of the automaton, wiki_title = Pushdown automaton, avg_score = 0.3689587116241455
[Connect] csv_keyword = language of the automaton, wiki_title = Nondeterministic finite automaton, avg_score = 0.32775557041168213
[Connect] csv_keyword = language of the automaton, wiki_title = Finite-state machine, avg_score = 0.5620365738868713
[Connect] csv_keyword = language of the automaton, wiki_title = Büchi automaton, avg_score = 0.4696788787841797
[Connect] csv_keyword = language of the automaton, wiki_title = Ω-automaton, avg_score = 0.49752378463745117
/home/gyuseok/anaconda3/envs/Upitt/lib/python3.9/site-packages/wikipedia/wikipedia.py:389: GuessedAtParserWarning: No parser was explicitly specified, so I'm using the best available HTML parser for this system ("html.parser"). This usually isn't a problem, but if you run this code on another system, or in a different virtual environment, it may use a different parser and behave differently.

The code that caused this warning is on line 389 of the file /home/gyuseok/anaconda3/envs/Upitt/lib/python3.9/site-packages/wikipedia/wikipedia.py. To get rid of this warning, pass the additional argument 'features="html.parser"' to the BeautifulSoup constructor.

  lis = BeautifulSoup(html).find_all('li')
Cannot Find any page! Continue next
Cannot Find any page! Continue next
Cannot Find any page! Continue next
Cannot Find any page! Continue next
[Connect] csv_keyword = document, wiki_title = Document, avg_score = 0.30036041140556335
[Connect] csv_keyword = document, wiki_title = Identity document, avg_score = 0.4090593755245209
[Connect] csv_keyword = document, wiki_title = Document management system, avg_score = 0.3256469964981079
[Connect] csv_keyword = document, wiki_title = PDF, avg_score = 0.34066760540008545
[Connect] csv_keyword = document, wiki_title = Travel document, avg_score = 0.2719257175922394
[Connect] csv_keyword = document, wiki_title = Electronic document, avg_score = 0.3622000217437744
[Connect] csv_keyword = document, wiki_title = Commission (document), avg_score = 0.2576832175254822
[Connect] csv_keyword = document, wiki_title = False document, avg_score = 0.4306929111480713
[Connect] csv_keyword = document, wiki_title = Document classification, avg_score = 0.4199959933757782
[Connect] csv_keyword = document rank, wiki_title = Mean reciprocal rank, avg_score = 0.2735128104686737
Cannot Find any page! Continue next
[Connect] csv_keyword = document rank, wiki_title = Learning to rank, avg_score = 0.26567479968070984
[Connect] csv_keyword = document rank, wiki_title = Ranks and insignia of NATO, avg_score = 0.3229091167449951
[Connect] csv_keyword = document rank, wiki_title = SCImago Journal Rank, avg_score = 0.35234105587005615
[Connect] csv_keyword = term, wiki_title = Team, avg_score = 0.26548832654953003
[Connect] csv_keyword = term, wiki_title = 86 (term), avg_score = 0.2625259459018707
[Connect] csv_keyword = term, wiki_title = Cracker (term), avg_score = 0.26810601353645325
[Connect] csv_keyword = term, wiki_title = Term paper, avg_score = 0.4587766230106354
Cannot Find any page! Continue next
[Connect] csv_keyword = term, wiki_title = Term limit, avg_score = 0.28951218724250793
[Connect] csv_keyword = term, wiki_title = Michaelmas term, avg_score = 0.2587999105453491
[Connect] csv_keyword = term, wiki_title = Term of office, avg_score = 0.3424402177333832
[Connect] csv_keyword = probabilistic approach, wiki_title = Probabilistic Turing machine, avg_score = 0.256937712430954
[Connect] csv_keyword = probabilistic approach, wiki_title = Probabilistic design, avg_score = 0.3664880692958832
[Connect] csv_keyword = probabilistic approach, wiki_title = Uncertainty quantification, avg_score = 0.2766856849193573
[Connect] csv_keyword = probabilistic approach, wiki_title = Probabilistic encryption, avg_score = 0.4523281157016754
[Connect] csv_keyword = probabilistic approach, wiki_title = Graphical model, avg_score = 0.434712290763855
[Connect] csv_keyword = probabilistic approach, wiki_title = Probabilistic logic, avg_score = 0.41797634959220886
Cannot Find any page! Continue next
[Connect] csv_keyword = probabilistic language model, wiki_title = Probabilistic programming, avg_score = 0.3606274724006653
[Connect] csv_keyword = probabilistic language model, wiki_title = Probabilistic context-free grammar, avg_score = 0.5982036590576172
[Connect] csv_keyword = probabilistic language model, wiki_title = Word embedding, avg_score = 0.5107738375663757
[Connect] csv_keyword = probabilistic language model, wiki_title = Probabilistic automaton, avg_score = 0.4453624188899994
[Connect] csv_keyword = probabilistic language model, wiki_title = Factored language model, avg_score = 0.4050746262073517
[Connect] csv_keyword = generative model, wiki_title = Generative model, avg_score = 0.6412380337715149
[Connect] csv_keyword = generative model, wiki_title = Flow-based generative model, avg_score = 0.4341200292110443
[Connect] csv_keyword = generative model, wiki_title = Generative pre-trained transformer, avg_score = 0.30389440059661865
[Connect] csv_keyword = generative model, wiki_title = Generative adversarial network, avg_score = 0.5245630741119385
Cannot Find any page! Continue next
[Connect] csv_keyword = generative model, wiki_title = Discriminative model, avg_score = 0.5652732253074646
Cannot Find any page! Continue next
Cannot Find any page! Continue next
Cannot Find any page! Continue next
[Connect] csv_keyword = finite automata, wiki_title = Finite-state machine, avg_score = 0.7667210102081299
[Connect] csv_keyword = finite automata, wiki_title = Deterministic finite automaton, avg_score = 0.507491946220398
[Connect] csv_keyword = finite automata, wiki_title = Nondeterministic finite automaton, avg_score = 0.4099317789077759
[Connect] csv_keyword = finite automata, wiki_title = Automata theory, avg_score = 0.44446709752082825
[Connect] csv_keyword = finite automata, wiki_title = Nondeterministic finite automaton, avg_score = 0.4099317789077759
[Connect] csv_keyword = finite automata, wiki_title = Alternating finite automaton, avg_score = 0.5633218884468079
[Connect] csv_keyword = finite automata, wiki_title = Cellular automaton, avg_score = 0.3317008912563324
[Connect] csv_keyword = finite automata, wiki_title = Krohn–Rhodes theory, avg_score = 0.4446219801902771
[Connect] csv_keyword = finite automata, wiki_title = Two-way finite automaton, avg_score = 0.8367628455162048
Cannot Find any page! Continue next
Cannot Find any page! Continue next
[Connect] csv_keyword = string, wiki_title = String (computer science), avg_score = 0.285397469997406
Cannot Find any page! Continue next
[Connect] csv_keyword = string, wiki_title = Query string, avg_score = 0.35162830352783203
[Connect] csv_keyword = string, wiki_title = String instrument, avg_score = 0.41254952549934387
Cannot Find any page! Continue next
[Connect] csv_keyword = string, wiki_title = String metric, avg_score = 0.3397868871688843
[Connect] csv_keyword = string, wiki_title = Twelve-string guitar, avg_score = 0.3184298276901245
[Connect] csv_keyword = string, wiki_title = Guitar, avg_score = 0.439490407705307
[Connect] csv_keyword = probabilistic finite automaton, wiki_title = Probabilistic automaton, avg_score = 0.5921973586082458
[Connect] csv_keyword = probabilistic finite automaton, wiki_title = Nondeterministic finite automaton, avg_score = 0.33364811539649963
[Connect] csv_keyword = probabilistic finite automaton, wiki_title = Quantum finite automaton, avg_score = 0.44796669483184814
[Connect] csv_keyword = probabilistic finite automaton, wiki_title = Automata theory, avg_score = 0.3994559347629547
Cannot Find any page! Continue next
[Connect] csv_keyword = probabilistic finite automaton, wiki_title = Stochastic cellular automaton, avg_score = 0.5378652215003967
[Connect] csv_keyword = probabilistic finite automaton, wiki_title = Büchi automaton, avg_score = 0.4416731297969818
[Connect] csv_keyword = probabilistic finite automaton, wiki_title = Quantum cellular automaton, avg_score = 0.2524610161781311
Cannot Find any page! Continue next
[Connect] csv_keyword = language theori, wiki_title = Theoris of Lemnos, avg_score = 0.2862815856933594
[Connect] csv_keyword = language theori, wiki_title = Viggo Brøndal, avg_score = 0.2844609320163727
Cannot Find any page! Continue next
Cannot Find any page! Continue next
[Connect] csv_keyword = language theori, wiki_title = Herman Valentiner, avg_score = 0.2581866681575775
Cannot Find any page! Continue next
Cannot Find any page! Continue next
[Connect] csv_keyword = finite automaton, wiki_title = Finite-state machine, avg_score = 0.7512925863265991
[Connect] csv_keyword = finite automaton, wiki_title = Deterministic finite automaton, avg_score = 0.47982752323150635
[Connect] csv_keyword = finite automaton, wiki_title = Nondeterministic finite automaton, avg_score = 0.4011709988117218
[Connect] csv_keyword = finite automaton, wiki_title = Alternating finite automaton, avg_score = 0.5774737000465393
[Connect] csv_keyword = finite automaton, wiki_title = Quantum finite automaton, avg_score = 0.330988347530365
[Connect] csv_keyword = finite automaton, wiki_title = Automata theory, avg_score = 0.4073369801044464
[Connect] csv_keyword = finite automaton, wiki_title = Two-way finite automaton, avg_score = 0.842143177986145
[Connect] csv_keyword = finite automaton, wiki_title = Nondeterministic finite automaton, avg_score = 0.4011709988117218
[Connect] csv_keyword = finite automaton, wiki_title = Tree automaton, avg_score = 0.25608083605766296
[Connect] csv_keyword = finite automaton, wiki_title = DFA minimization, avg_score = 0.48441043496131897
[Connect] csv_keyword = query likelihood model, wiki_title = Query likelihood model, avg_score = 0.36540573835372925
[Connect] csv_keyword = query likelihood model, wiki_title = Ranking (information retrieval), avg_score = 0.29945695400238037
[Connect] csv_keyword = query likelihood model, wiki_title = G-test, avg_score = 0.2507162392139435
[Connect] csv_keyword = document model, wiki_title = Document Object Model, avg_score = 0.5660733580589294
[Connect] csv_keyword = document model, wiki_title = Document modelling, avg_score = 0.5482351183891296
[Connect] csv_keyword = document model, wiki_title = Bag-of-words model, avg_score = 0.39594554901123047
[Connect] csv_keyword = document model, wiki_title = Query likelihood model, avg_score = 0.45671194791793823
[Connect] csv_keyword = document model, wiki_title = Identity document, avg_score = 0.26126161217689514
[Connect] csv_keyword = document model, wiki_title = JDOM, avg_score = 0.277588814496994
[Connect] csv_keyword = document model, wiki_title = Database model, avg_score = 0.41739705204963684
Cannot Find any page! Continue next
Cannot Find any page! Continue next
Cannot Find any page! Continue next
[Connect] csv_keyword = ir, wiki_title = Infrared, avg_score = 0.38434508442878723
[Connect] csv_keyword = ir, wiki_title = Infrared spectroscopy, avg_score = 0.3695814311504364
[Connect] csv_keyword = ir, wiki_title = IR welding, avg_score = 0.34100863337516785
[Connect] csv_keyword = ir, wiki_title = Consumer IR, avg_score = 0.3937700092792511
[iir-4.6.csv]
[Connect] csv_keyword = queri, wiki_title = Luna Sharpshooters, avg_score = 0.28995025157928467
[Connect] csv_keyword = queri, wiki_title = Quirites, avg_score = 0.3153051435947418
[Connect] csv_keyword = queri, wiki_title = Philippine Revolutionary Army, avg_score = 0.28786197304725647
[Connect] csv_keyword = queri, wiki_title = Latin conjugation, avg_score = 0.2935495972633362
[Connect] csv_keyword = queri, wiki_title = Antonio Luna, avg_score = 0.41307520866394043
[Connect] csv_keyword = queri, wiki_title = Toʼabaita language, avg_score = 0.3369905948638916
[Connect] csv_keyword = queri, wiki_title = Voss, avg_score = 0.25320833921432495
[Connect] csv_keyword = queri, wiki_title = 2022 NCAA Division I women's soccer tournament, avg_score = 0.33343011140823364
[Connect] csv_keyword = positional index, wiki_title = Positional asphyxia, avg_score = 0.2825201749801636
Cannot Find any page! Continue next
[Connect] csv_keyword = user membership, wiki_title = System for Cross-domain Identity Management, avg_score = 0.4511388838291168
Cannot Find any page! Continue next
[Connect] csv_keyword = user membership, wiki_title = Water user board, avg_score = 0.3944450914859772
Cannot Find any page! Continue next
[Connect] csv_keyword = user membership, wiki_title = User Account Control, avg_score = 0.4564255475997925
[Connect] csv_keyword = document, wiki_title = Document, avg_score = 0.30036041140556335
[Connect] csv_keyword = document, wiki_title = Identity document, avg_score = 0.4090593755245209
[Connect] csv_keyword = document, wiki_title = Document management system, avg_score = 0.3256469964981079
[Connect] csv_keyword = document, wiki_title = PDF, avg_score = 0.34066760540008545
[Connect] csv_keyword = document, wiki_title = Travel document, avg_score = 0.2719257175922394
[Connect] csv_keyword = document, wiki_title = Electronic document, avg_score = 0.3622000217437744
[Connect] csv_keyword = document, wiki_title = Commission (document), avg_score = 0.2576832175254822
[Connect] csv_keyword = document, wiki_title = False document, avg_score = 0.4306929111480713
[Connect] csv_keyword = document, wiki_title = Document classification, avg_score = 0.4199959933757782
Cannot Find any page! Continue next
[Connect] csv_keyword = post, wiki_title = The Washington Post, avg_score = 0.2555767893791199
[Connect] csv_keyword = post, wiki_title = Post-punk, avg_score = 0.4076937735080719
Cannot Find any page! Continue next
Cannot Find any page! Continue next
[Connect] csv_keyword = post, wiki_title = HuffPost, avg_score = 0.2809349596500397
Cannot Find any page! Continue next
[Connect] csv_keyword = file system, wiki_title = File system, avg_score = 0.6378388404846191
[Connect] csv_keyword = file system, wiki_title = File system, avg_score = 0.6378388404846191
[Connect] csv_keyword = file system, wiki_title = InterPlanetary File System, avg_score = 0.5604495406150818
[Connect] csv_keyword = file system, wiki_title = Clustered file system, avg_score = 0.4141584038734436
[Connect] csv_keyword = file system, wiki_title = Hierarchical file system, avg_score = 0.47689056396484375
[Connect] csv_keyword = file system, wiki_title = File-system permissions, avg_score = 0.37078964710235596
[Connect] csv_keyword = file system, wiki_title = Virtual file system, avg_score = 0.5971210598945618
[Connect] csv_keyword = file system, wiki_title = Journaling file system, avg_score = 0.4057147204875946
Cannot Find any page! Continue next
[Connect] csv_keyword = impact-sorted index, wiki_title = Quicksort, avg_score = 0.4822419583797455
[Connect] csv_keyword = impact-sorted index, wiki_title = Journal ranking, avg_score = 0.2735556662082672
[Connect] csv_keyword = impact-sorted index, wiki_title = Waste sorting, avg_score = 0.26132428646087646
Cannot Find any page! Continue next
Cannot Find any page! Continue next
Cannot Find any page! Continue next
[Connect] csv_keyword = ranked retrieval system, wiki_title = Evaluation measures (information retrieval), avg_score = 0.3493141233921051
[Connect] csv_keyword = ranked retrieval system, wiki_title = Learning to rank, avg_score = 0.3143826723098755
[Connect] csv_keyword = ranked retrieval system, wiki_title = Document retrieval, avg_score = 0.31916651129722595
[Connect] csv_keyword = ranked retrieval system, wiki_title = Image retrieval, avg_score = 0.4163108766078949
[Connect] csv_keyword = ranked retrieval system, wiki_title = Ranking (information retrieval), avg_score = 0.5606092810630798
[Connect] csv_keyword = term, wiki_title = Team, avg_score = 0.26548832654953003
[Connect] csv_keyword = term, wiki_title = 86 (term), avg_score = 0.2625259459018707
[Connect] csv_keyword = term, wiki_title = Cracker (term), avg_score = 0.26810601353645325
[Connect] csv_keyword = term, wiki_title = Term paper, avg_score = 0.4587766230106354
Cannot Find any page! Continue next
[Connect] csv_keyword = term, wiki_title = Term limit, avg_score = 0.28951218724250793
[Connect] csv_keyword = term, wiki_title = Michaelmas term, avg_score = 0.2587999105453491
[Connect] csv_keyword = term, wiki_title = Term of office, avg_score = 0.3424402177333832
[Connect] csv_keyword = postings list, wiki_title = Posting style, avg_score = 0.3278775215148926
[Connect] csv_keyword = postings list, wiki_title = Posting system, avg_score = 0.3353039622306824
Cannot Find any page! Continue next
Cannot Find any page! Continue next
[Connect] csv_keyword = user-document matrix, wiki_title = Document-term matrix, avg_score = 0.3598982095718384
[Connect] csv_keyword = user-document matrix, wiki_title = Non-negative matrix factorization, avg_score = 0.28313273191452026
[Connect] csv_keyword = user-document matrix, wiki_title = Matrix (mathematics), avg_score = 0.3821486532688141
[Connect] csv_keyword = user-document matrix, wiki_title = Document classification, avg_score = 0.3775637745857239
[Connect] csv_keyword = user-document matrix, wiki_title = Matrix completion, avg_score = 0.2933562695980072
[Connect] csv_keyword = user author, wiki_title = Email client, avg_score = 0.25793686509132385
[Connect] csv_keyword = user author, wiki_title = User identifier, avg_score = 0.3618761897087097
[Connect] csv_keyword = user author, wiki_title = Power user, avg_score = 0.33336520195007324
[Connect] csv_keyword = user author, wiki_title = Active users, avg_score = 0.25055640935897827
Traceback (most recent call last):
  File "/home/gyuseok/Upitt/python/Wikipedia.py", line 168, in <module>
    main()
  File "/home/gyuseok/Upitt/python/Wikipedia.py", line 129, in main
    wiki_keywords = get_keywords(summary, keyword_model, keyword_tokenizer, device)
  File "/home/gyuseok/Upitt/python/Wikipedia.py", line 32, in get_keywords
    output = model.generate(input_ids, no_repeat_ngram_size=3, num_beams=4)
  File "/home/gyuseok/anaconda3/envs/Upitt/lib/python3.9/site-packages/torch/autograd/grad_mode.py", line 27, in decorate_context
    return func(*args, **kwargs)
  File "/home/gyuseok/anaconda3/envs/Upitt/lib/python3.9/site-packages/transformers/generation/utils.py", line 1268, in generate
    model_kwargs = self._prepare_encoder_decoder_kwargs_for_generation(
  File "/home/gyuseok/anaconda3/envs/Upitt/lib/python3.9/site-packages/transformers/generation/utils.py", line 634, in _prepare_encoder_decoder_kwargs_for_generation
    model_kwargs["encoder_outputs"]: ModelOutput = encoder(**encoder_kwargs)
  File "/home/gyuseok/anaconda3/envs/Upitt/lib/python3.9/site-packages/torch/nn/modules/module.py", line 1130, in _call_impl
    return forward_call(*input, **kwargs)
  File "/home/gyuseok/anaconda3/envs/Upitt/lib/python3.9/site-packages/transformers/models/t5/modeling_t5.py", line 1074, in forward
    layer_outputs = layer_module(
  File "/home/gyuseok/anaconda3/envs/Upitt/lib/python3.9/site-packages/torch/nn/modules/module.py", line 1130, in _call_impl
    return forward_call(*input, **kwargs)
  File "/home/gyuseok/anaconda3/envs/Upitt/lib/python3.9/site-packages/transformers/models/t5/modeling_t5.py", line 693, in forward
    self_attention_outputs = self.layer[0](
  File "/home/gyuseok/anaconda3/envs/Upitt/lib/python3.9/site-packages/torch/nn/modules/module.py", line 1130, in _call_impl
    return forward_call(*input, **kwargs)
  File "/home/gyuseok/anaconda3/envs/Upitt/lib/python3.9/site-packages/transformers/models/t5/modeling_t5.py", line 600, in forward
    attention_output = self.SelfAttention(
  File "/home/gyuseok/anaconda3/envs/Upitt/lib/python3.9/site-packages/torch/nn/modules/module.py", line 1130, in _call_impl
    return forward_call(*input, **kwargs)
  File "/home/gyuseok/anaconda3/envs/Upitt/lib/python3.9/site-packages/transformers/models/t5/modeling_t5.py", line 542, in forward
    position_bias = self.compute_bias(real_seq_length, key_length, device=scores.device)
  File "/home/gyuseok/anaconda3/envs/Upitt/lib/python3.9/site-packages/transformers/models/t5/modeling_t5.py", line 449, in compute_bias
    values = self.relative_attention_bias(relative_position_bucket)  # shape (query_length, key_length, num_heads)
  File "/home/gyuseok/anaconda3/envs/Upitt/lib/python3.9/site-packages/torch/nn/modules/module.py", line 1130, in _call_impl
    return forward_call(*input, **kwargs)
  File "/home/gyuseok/anaconda3/envs/Upitt/lib/python3.9/site-packages/torch/nn/modules/sparse.py", line 158, in forward
    return F.embedding(
  File "/home/gyuseok/anaconda3/envs/Upitt/lib/python3.9/site-packages/torch/nn/functional.py", line 2199, in embedding
    return torch.embedding(weight, input, padding_idx, scale_grad_by_freq, sparse)
RuntimeError: CUDA out of memory. Tried to allocate 9.23 GiB (GPU 1; 23.70 GiB total capacity; 13.55 GiB already allocated; 9.12 GiB free; 13.62 GiB reserved in total by PyTorch) If reserved memory is >> allocated memory try setting max_split_size_mb to avoid fragmentation.  See documentation for Memory Management and PYTORCH_CUDA_ALLOC_CONF
